#
# There is insufficient memory for the Java Runtime Environment to continue.
# Native memory allocation (mmap) failed to map 266338304 bytes. Error detail: G1 virtual space
# Possible reasons:
#   The system is out of physical RAM or swap space
#   This process is running with CompressedOops enabled, and the Java Heap may be blocking the growth of the native heap
# Possible solutions:
#   Reduce memory load on the system
#   Increase physical memory or swap space
#   Check if swap backing store is full
#   Decrease Java heap size (-Xmx/-Xms)
#   Decrease number of Java threads
#   Decrease Java thread stack sizes (-Xss)
#   Set larger code cache with -XX:ReservedCodeCacheSize=
#   JVM is running with Zero Based Compressed Oops mode in which the Java heap is
#     placed in the first 32GB address space. The Java Heap base address is the
#     maximum limit for the native heap growth. Please use -XX:HeapBaseMinAddress
#     to set the Java Heap base and to place the Java Heap above 32GB virtual address.
# This output file may be truncated or incomplete.
#
#  Out of Memory Error (os_windows.cpp:3710), pid=209168, tid=165012
#
# JRE version:  (17.0.14+7) (build )
# Java VM: OpenJDK 64-Bit Server VM (17.0.14+7-LTS, mixed mode, sharing, tiered, compressed oops, compressed class ptrs, g1 gc, windows-amd64)
# No core dump will be written. Minidumps are not enabled by default on client versions of Windows
#

---------------  S U M M A R Y ------------

Command Line: target/hikebuddy-backend-0.0.1-SNAPSHOT.jar --spring.profiles.active=local

Host: Intel(R) Core(TM) i5-10210U CPU @ 1.60GHz, 8 cores, 15G,  Windows 11 , 64 bit Build 26100 (10.0.26100.7705)
Time: Mon Mar  2 14:40:16 2026 India Standard Time elapsed time: 1.081112 seconds (0d 0h 0m 1s)

---------------  T H R E A D  ---------------

Current thread (0x000001933c352060):  JavaThread "Unknown thread" [_thread_in_vm, id=165012, stack(0x0000007885300000,0x0000007885400000)]

Stack: [0x0000007885300000,0x0000007885400000]
Native frames: (J=compiled Java code, j=interpreted, Vv=VM code, C=native code)
V  [jvm.dll+0x6886b9]
V  [jvm.dll+0x83f6f8]
V  [jvm.dll+0x8411a3]
V  [jvm.dll+0x841813]
V  [jvm.dll+0x2495cf]
V  [jvm.dll+0x6855f9]
V  [jvm.dll+0x679a8a]
V  [jvm.dll+0x30afc7]
V  [jvm.dll+0x312536]
V  [jvm.dll+0x362eee]
V  [jvm.dll+0x36312d]
V  [jvm.dll+0x2e225c]
V  [jvm.dll+0x2e3174]
V  [jvm.dll+0x8115fb]
V  [jvm.dll+0x370c01]
V  [jvm.dll+0x7f00ef]
V  [jvm.dll+0x3f76ff]
V  [jvm.dll+0x3f9231]
C  [jli.dll+0x52a0]
C  [ucrtbase.dll+0x37b0]
C  [KERNEL32.DLL+0x2e8d7]
C  [ntdll.dll+0x8c40c]


---------------  P R O C E S S  ---------------

Threads class SMR info:
_java_thread_list=0x00007ff89e4eefd8, length=0, elements={
}

Java Threads: ( => current thread )

Other Threads:
  0x000001933c3bbd90 GCTaskThread "GC Thread#0" [stack: 0x0000007885400000,0x0000007885500000] [id=124852]
  0x000001933c3cc800 ConcurrentGCThread "G1 Main Marker" [stack: 0x0000007885500000,0x0000007885600000] [id=175596]
  0x000001933c3cf150 ConcurrentGCThread "G1 Conc#0" [stack: 0x0000007885600000,0x0000007885700000] [id=206480]

[error occurred during error reporting (printing all threads), id 0xc0000005, EXCEPTION_ACCESS_VIOLATION (0xc0000005) at pc=0x00007ff89dca2db7]

VM state: not at safepoint (not fully initialized)

VM Mutex/Monitor currently owned by a thread:  ([mutex/lock_event])
[0x000001933c34e630] Heap_lock - owner thread: 0x000001933c352060

Heap address: 0x0000000703e00000, size: 4034 MB, Compressed Oops mode: Zero based, Oop shift amount: 3

CDS archive(s) mapped at: [0x0000000000000000-0x0000000000000000-0x0000000000000000), size 0, SharedBaseAddress: 0x0000000800000000, ArchiveRelocationMode: 1.
Narrow klass base: 0x0000000000000000, Narrow klass shift: 0, Narrow klass range: 0x0

GC Precious Log:
<Empty>

Heap:
 garbage-first heap   total 0K, used 0K [0x0000000703e00000, 0x0000000800000000)
  region size 2048K, 0 young (0K), 0 survivors (0K)

[error occurred during error reporting (printing heap information), id 0xc0000005, EXCEPTION_ACCESS_VIOLATION (0xc0000005) at pc=0x00007ff89e0922e9]

GC Heap History (0 events):
No events

Dll operation events (1 events):
Event: 0.029 Loaded shared library C:\Program Files\Microsoft\jdk-17.0.14.7-hotspot\bin\java.dll

Deoptimization events (0 events):
No events

Classes loaded (0 events):
No events

Classes unloaded (0 events):
No events

Classes redefined (0 events):
No events

Internal exceptions (0 events):
No events

VM Operations (0 events):
No events

Memory protections (0 events):
No events

Nmethod flushes (0 events):
No events

Events (0 events):
No events


Dynamic libraries:
0x00007ff624d80000 - 0x00007ff624d8e000 	C:\Program Files\Microsoft\jdk-17.0.14.7-hotspot\bin\java.exe
0x00007ff903a20000 - 0x00007ff903c88000 	C:\WINDOWS\SYSTEM32\ntdll.dll
0x00007ff902df0000 - 0x00007ff902eb9000 	C:\WINDOWS\System32\KERNEL32.DLL
0x00007ff9010c0000 - 0x00007ff9014b1000 	C:\WINDOWS\System32\KERNELBASE.dll
0x00007ff8fd650000 - 0x00007ff8fd6ee000 	C:\WINDOWS\SYSTEM32\apphelp.dll
0x00007ff9014c0000 - 0x00007ff90160b000 	C:\WINDOWS\System32\ucrtbase.dll
0x00007ff8f49e0000 - 0x00007ff8f49fd000 	C:\Program Files\Microsoft\jdk-17.0.14.7-hotspot\bin\VCRUNTIME140.dll
0x00007ff8f3920000 - 0x00007ff8f3937000 	C:\Program Files\Microsoft\jdk-17.0.14.7-hotspot\bin\jli.dll
0x00007ff9030c0000 - 0x00007ff903286000 	C:\WINDOWS\System32\USER32.dll
0x00007ff901790000 - 0x00007ff9017b7000 	C:\WINDOWS\System32\win32u.dll
0x00007ff9023d0000 - 0x00007ff9023fb000 	C:\WINDOWS\System32\GDI32.dll
0x00007ff8e8a90000 - 0x00007ff8e8d23000 	C:\WINDOWS\WinSxS\amd64_microsoft.windows.common-controls_6595b64144ccf1df_6.0.26100.7824_none_3e0870b2e3345462\COMCTL32.dll
0x00007ff900300000 - 0x00007ff90042b000 	C:\WINDOWS\System32\gdi32full.dll
0x00007ff903010000 - 0x00007ff9030b9000 	C:\WINDOWS\System32\msvcrt.dll
0x00007ff900f50000 - 0x00007ff900ff3000 	C:\WINDOWS\System32\msvcp_win.dll
0x00007ff903290000 - 0x00007ff9032c1000 	C:\WINDOWS\System32\IMM32.DLL
0x00007ff8fd3d0000 - 0x00007ff8fd3dc000 	C:\Program Files\Microsoft\jdk-17.0.14.7-hotspot\bin\vcruntime140_1.dll
0x00007ff8d7160000 - 0x00007ff8d71ed000 	C:\Program Files\Microsoft\jdk-17.0.14.7-hotspot\bin\msvcp140.dll
0x00007ff89d9b0000 - 0x00007ff89e622000 	C:\Program Files\Microsoft\jdk-17.0.14.7-hotspot\bin\server\jvm.dll
0x00007ff903440000 - 0x00007ff9034f4000 	C:\WINDOWS\System32\ADVAPI32.dll
0x00007ff901840000 - 0x00007ff9018e6000 	C:\WINDOWS\System32\sechost.dll
0x00007ff903860000 - 0x00007ff903978000 	C:\WINDOWS\System32\RPCRT4.dll
0x00007ff902350000 - 0x00007ff9023c4000 	C:\WINDOWS\System32\WS2_32.dll
0x00007ff900160000 - 0x00007ff9001be000 	C:\WINDOWS\SYSTEM32\POWRPROF.dll
0x00007ff8f3690000 - 0x00007ff8f36c5000 	C:\WINDOWS\SYSTEM32\WINMM.dll
0x00007ff8f5180000 - 0x00007ff8f518b000 	C:\WINDOWS\SYSTEM32\VERSION.dll
0x00007ff900140000 - 0x00007ff900154000 	C:\WINDOWS\SYSTEM32\UMPDC.dll
0x00007ff8ff060000 - 0x00007ff8ff07b000 	C:\WINDOWS\SYSTEM32\kernel.appcore.dll
0x00007ff8fd370000 - 0x00007ff8fd37a000 	C:\Program Files\Microsoft\jdk-17.0.14.7-hotspot\bin\jimage.dll
0x00007ff8fde10000 - 0x00007ff8fe052000 	C:\WINDOWS\SYSTEM32\DBGHELP.DLL
0x00007ff901b10000 - 0x00007ff901e96000 	C:\WINDOWS\System32\combase.dll
0x00007ff902400000 - 0x00007ff9024d7000 	C:\WINDOWS\System32\OLEAUT32.dll
0x00007ff8d2860000 - 0x00007ff8d289b000 	C:\WINDOWS\SYSTEM32\dbgcore.DLL
0x00007ff900630000 - 0x00007ff9006d5000 	C:\WINDOWS\System32\bcryptPrimitives.dll
0x00007ff8f35a0000 - 0x00007ff8f35c5000 	C:\Program Files\Microsoft\jdk-17.0.14.7-hotspot\bin\java.dll

dbghelp: loaded successfully - version: 4.0.5 - missing functions: none
symbol engine: initialized successfully - sym options: 0x614 - pdb path: .;C:\Program Files\Microsoft\jdk-17.0.14.7-hotspot\bin;C:\WINDOWS\SYSTEM32;C:\WINDOWS\WinSxS\amd64_microsoft.windows.common-controls_6595b64144ccf1df_6.0.26100.7824_none_3e0870b2e3345462;C:\Program Files\Microsoft\jdk-17.0.14.7-hotspot\bin\server

VM Arguments:
java_command: target/hikebuddy-backend-0.0.1-SNAPSHOT.jar --spring.profiles.active=local
java_class_path (initial): target/hikebuddy-backend-0.0.1-SNAPSHOT.jar
Launcher Type: SUN_STANDARD

[Global flags]
     intx CICompilerCount                          = 4                                         {product} {ergonomic}
     uint ConcGCThreads                            = 2                                         {product} {ergonomic}
     uint G1ConcRefinementThreads                  = 8                                         {product} {ergonomic}
   size_t G1HeapRegionSize                         = 2097152                                   {product} {ergonomic}
    uintx GCDrainStackTargetSize                   = 64                                        {product} {ergonomic}
   size_t InitialHeapSize                          = 266338304                                 {product} {ergonomic}
   size_t MarkStackSize                            = 4194304                                   {product} {ergonomic}
   size_t MaxHeapSize                              = 4229955584                                {product} {ergonomic}
   size_t MinHeapDeltaBytes                        = 2097152                                   {product} {ergonomic}
   size_t MinHeapSize                              = 8388608                                   {product} {ergonomic}
    uintx NonNMethodCodeHeapSize                   = 5839372                                {pd product} {ergonomic}
    uintx NonProfiledCodeHeapSize                  = 122909434                              {pd product} {ergonomic}
    uintx ProfiledCodeHeapSize                     = 122909434                              {pd product} {ergonomic}
    uintx ReservedCodeCacheSize                    = 251658240                              {pd product} {ergonomic}
     bool SegmentedCodeCache                       = true                                      {product} {ergonomic}
   size_t SoftMaxHeapSize                          = 4229955584                             {manageable} {ergonomic}
     bool UseCompressedClassPointers               = true                           {product lp64_product} {ergonomic}
     bool UseCompressedOops                        = true                           {product lp64_product} {ergonomic}
     bool UseG1GC                                  = true                                      {product} {ergonomic}
     bool UseLargePagesIndividualAllocation        = false                                  {pd product} {ergonomic}

Logging:
Log output configuration:
 #0: stdout all=warning uptime,level,tags
 #1: stderr all=off uptime,level,tags

Environment Variables:
JAVA_HOME=C:\Program Files\Microsoft\jdk-17.0.14.7-hotspot
PATH=C:\Users\ankes\bin;C:\Program Files\Git\mingw64\bin;C:\Program Files\Git\usr\local\bin;C:\Program Files\Git\usr\bin;C:\Program Files\Git\usr\bin;C:\Program Files\Git\mingw64\bin;C:\Program Files\Git\usr\bin;C:\Users\ankes\bin;C:\Users\ankes\AppData\Local\Programs\Python\Python39\Scripts;C:\Program Files\Microsoft\jdk-17.0.14.7-hotspot\bin;C:\Program Files\Common Files\Oracle\Java\javapath;C:\Program Files (x86)\Common Files\Oracle\Java\javapath;C:\Program Files (x86)\VMware\VMware Workstation\bin;C:\WINDOWS\system32;C:\WINDOWS;C:\WINDOWS\System32\Wbem;C:\WINDOWS\System32\WindowsPowerShell\v1.0;C:\WINDOWS\System32\OpenSSH;C:\Program Files\Docker\Docker\resources\bin;C:\ProgramData\DockerDesktop\version-bin;C:\Program Files\Kubernetes\Minikube;C:\Program Files\PuTTY;C:\Program Files\Git\cmd;C:\WINDOWS\system32;C:\WINDOWS;C:\WINDOWS\System32\Wbem;C:\WINDOWS\System32\WindowsPowerShell\v1.0;C:\WINDOWS\System32\OpenSSH;C:\Program Files\Java\jdk-18.0.2.1\bin;C:\Program Files\nodejs;C:\Program Files\Tailscale;D:\Downloads\Downloads\ffmpeg-2025-01-08-git-251de1791e-essentials_build\ffmpeg-2025-01-08-git-251de1791e-essentials_build\bin;C:\Program Files\Go\bin;C:\Program Files\PostgreSQL\17\bin;C:\Users\ankes\AppData\Local\Programs\Python\Python39\Scripts;C:\Users\ankes\AppData\Local\Programs\Python\Python39;C:\Program Files\Sublime Text 3;C:\Windows\system32;C:\Windows;C:\Windows\System32\Wbem;C:\Windows\System32\WindowsPowerShell\v1.0;C:\Windows\System32\OpenSSH;C:\Users\ankes\AppData\Local\Microsoft\WindowsApps;C:\Users\ankes\AppData\Local\Programs\Microsoft VS Code\bin;C:\Users\ankes\AppData\Local\Microsoft\WindowsApps;C:\Program Files (x86)\mingw-w64\i686-8.1.0-posix-dwarf-rt_v6-rev0\mingw32\bin;C:\Users\ankes\AppData\Local\Programs\mongosh;C:\Users\ankes\AppData\Local\Google\Cloud SDK\google-cloud-sdk\bin;C:\Users\ankes\AppData\Local\Microsoft\WinGet\Links;C:\Users\ankes\AppData\Roaming\npm;C:\Program Files\OpenSSL-Win64\bin;C:\Program Files\OpenVPN\bin;C:\Users\ankes\go\bin;C:\Users\ankes\AppData\Roaming\Amazon;C:\tools\apache-maven-3.9.9\bin;C:\Program Files\Git\usr\bin\vendor_perl;C:\Program Files\Git\usr\bin\core_perl
USERNAME=ankes
SHELL=C:\Program Files\Git\usr\bin\bash.exe
DISPLAY=needs-to-be-defined
LANG=en_US.UTF-8
TERM=xterm-256color
TMPDIR=C:\Users\ankes\AppData\Local\Temp
OS=Windows_NT
PROCESSOR_IDENTIFIER=Intel64 Family 6 Model 142 Stepping 12, GenuineIntel
TMP=C:\Users\ankes\AppData\Local\Temp
TEMP=C:\Users\ankes\AppData\Local\Temp



Periodic native trim disabled


---------------  S Y S T E M  ---------------

OS:
 Windows 11 , 64 bit Build 26100 (10.0.26100.7705)
OS uptime: 15 days 23:25 hours
Hyper-V role detected

CPU: total 8 (initial active 8) (4 cores per cpu, 2 threads per core) family 6 model 142 stepping 12 microcode 0x100, cx8, cmov, fxsr, ht, mmx, 3dnowpref, sse, sse2, sse3, ssse3, sse4.1, sse4.2, popcnt, lzcnt, tsc, tscinvbit, avx, avx2, aes, erms, clmul, bmi1, bmi2, adx, fma, vzeroupper, clflush, clflushopt, hv
Processor Information for the first 8 processors :
  Max Mhz: 2112, Current Mhz: 804, Mhz Limit: 802

Memory: 4k page, system-wide physical 16134M (6004M free)
TotalPageFile size 42475M (AvailPageFile size 126M)
current process WorkingSet (physical memory assigned to process): 13M, peak: 13M
current process commit charge ("private bytes"): 61M, peak: 314M

vm_info: OpenJDK 64-Bit Server VM (17.0.14+7-LTS) for windows-amd64 JRE (17.0.14+7-LTS), built on Jan  8 2025 23:39:28 by "MicrosoftCorporation" with unknown MS VC++:1939

END.
